app/build/outputs/logs/manifest-merger-release-report.txt
-- Merging decision tree log ---
manifest
ADDED from src\main\AndroidManifest.xml:2:1-114:12
	package
		ADDED from src\main\AndroidManifest.xml:3:5-39
		INJECTED from src\main\AndroidManifest.xml
		INJECTED from src\main\AndroidManifest.xml
	android:versionName
		ADDED from src\main\AndroidManifest.xml:5:5-40
	android:versionCode
		ADDED from src\main\AndroidManifest.xml:4:5-28
		INJECTED from src\main\AndroidManifest.xml
		INJECTED from src\main\AndroidManifest.xml
	xmlns:android
		ADDED from src\main\AndroidManifest.xml:2:11-69
application
ADDED from src\main\AndroidManifest.xml:7:5-97:19
	android:label
		ADDED from src\main\AndroidManifest.xml:10:9-35
	android:icon
		ADDED from src\main\AndroidManifest.xml:8:9-38
	android:name
		ADDED from src\main\AndroidManifest.xml:9:9-51
activity#com.aihomework.voicedemo.EntranceDemo
ADDED from src\main\AndroidManifest.xml:11:9-23:20
	android:screenOrientation
		ADDED from src\main\AndroidManifest.xml:17:13-50
	android:label
		ADDED from src\main\AndroidManifest.xml:16:13-40
	android:configChanges
		ADDED from src\main\AndroidManifest.xml:13:13-133
	android:icon
		ADDED from src\main\AndroidManifest.xml:14:13-42
	android:largeHeap
		ADDED from src\main\AndroidManifest.xml:15:13-37
	android:name
		ADDED from src\main\AndroidManifest.xml:12:13-41
intent-filter#android.intent.action.MAIN+android.intent.category.LAUNCHER
ADDED from src\main\AndroidManifest.xml:18:13-22:29
action#android.intent.action.MAIN
ADDED from src\main\AndroidManifest.xml:19:17-69
	android:name
		ADDED from src\main\AndroidManifest.xml:19:25-66
category#android.intent.category.LAUNCHER
ADDED from src\main\AndroidManifest.xml:21:17-77
	android:name
		ADDED from src\main\AndroidManifest.xml:21:27-74
activity#com.aihomework.voicedemo.SplashActivity
ADDED from src\main\AndroidManifest.xml:25:9-29:20
	android:screenOrientation
		ADDED from src\main\AndroidManifest.xml:28:13-49
	android:configChanges
		ADDED from src\main\AndroidManifest.xml:27:13-133
	android:name
		ADDED from src\main\AndroidManifest.xml:26:13-43
activity#com.aihomework.voicedemo.MathSquare
ADDED from src\main\AndroidManifest.xml:31:9-35:20
	android:screenOrientation
		ADDED from src\main\AndroidManifest.xml:34:13-49
	android:configChanges
		ADDED from src\main\AndroidManifest.xml:33:13-133
	android:name
		ADDED from src\main\AndroidManifest.xml:32:13-39
activity#com.aihomework.voicedemo.MathDemo
ADDED from src\main\AndroidManifest.xml:36:9-40:20
	android:screenOrientation
		ADDED from src\main\AndroidManifest.xml:39:13-49
	android:configChanges
		ADDED from src\main\AndroidManifest.xml:38:13-133
	android:name
		ADDED from src\main\AndroidManifest.xml:37:13-37
activity#com.aihomework.voicedemo.EnglishDemo
ADDED from src\main\AndroidManifest.xml:41:9-45:20
	android:screenOrientation
		ADDED from src\main\AndroidManifest.xml:44:13-49
	android:configChanges
		ADDED from src\main\AndroidManifest.xml:43:13-133
	android:name
		ADDED from src\main\AndroidManifest.xml:42:13-40
activity#com.aihomework.voicedemo.ReadDemo
ADDED from src\main\AndroidManifest.xml:46:9-50:20
	android:screenOrientation
		ADDED from src\main\AndroidManifest.xml:49:13-49
	android:configChanges
		ADDED from src\main\AndroidManifest.xml:48:13-133
	android:name
		ADDED from src\main\AndroidManifest.xml:47:13-37
activity#com.aihomework.voicedemo.ChineseActivity
ADDED from src\main\AndroidManifest.xml:52:9-56:20
	android:screenOrientation
		ADDED from src\main\AndroidManifest.xml:55:13-50
	android:configChanges
		ADDED from src\main\AndroidManifest.xml:54:13-133
	android:name
		ADDED from src\main\AndroidManifest.xml:53:13-44
activity#com.aihomework.voicedemo.FigureDemo
ADDED from src\main\AndroidManifest.xml:57:9-61:20
	android:configChanges
		ADDED from src\main\AndroidManifest.xml:59:13-133
	android:name
		ADDED from src\main\AndroidManifest.xml:58:13-39
activity#com.aihomework.voicedemo.FormulaDemo
ADDED from src\main\AndroidManifest.xml:62:9-66:20
	android:screenOrientation
		ADDED from src\main\AndroidManifest.xml:65:13-49
	android:configChanges
		ADDED from src\main\AndroidManifest.xml:64:13-133
	android:name
		ADDED from src\main\AndroidManifest.xml:63:13-40
activity#com.aihomework.voicedemo.SumActivity
ADDED from src\main\AndroidManifest.xml:67:9-71:20
	android:screenOrientation
		ADDED from src\main\AndroidManifest.xml:70:13-49
	android:configChanges
		ADDED from src\main\AndroidManifest.xml:69:13-133
	android:name
		ADDED from src\main\AndroidManifest.xml:68:13-40
activity#com.aihomework.voicedemo.IatDemo
ADDED from src\main\AndroidManifest.xml:72:9-76:20
	android:screenOrientation
		ADDED from src\main\AndroidManifest.xml:75:13-49
	android:configChanges
		ADDED from src\main\AndroidManifest.xml:74:13-133
	android:name
		ADDED from src\main\AndroidManifest.xml:73:13-60
activity#com.aihomework.voicedemo.HandWriteDemo
ADDED from src\main\AndroidManifest.xml:77:9-81:20
	android:screenOrientation
		ADDED from src\main\AndroidManifest.xml:80:13-49
	android:configChanges
		ADDED from src\main\AndroidManifest.xml:79:13-133
	android:name
		ADDED from src\main\AndroidManifest.xml:78:13-66
activity#com.aihomework.voicedemo.RobotGameActivity
ADDED from src\main\AndroidManifest.xml:83:9-86:20
	android:screenOrientation
		ADDED from src\main\AndroidManifest.xml:85:13-49
	android:name
		ADDED from src\main\AndroidManifest.xml:84:13-46
meta-data#IFLYTEK_APPKEY
ADDED from src\main\AndroidManifest.xml:89:9-91:42
	android:value
		ADDED from src\main\AndroidManifest.xml:91:13-29
	android:name
		ADDED from src\main\AndroidManifest.xml:90:13-42
meta-data#IFLYTEK_CHANNEL
ADDED from src\main\AndroidManifest.xml:92:9-94:44
	android:value
		ADDED from src\main\AndroidManifest.xml:94:13-41
	android:name
		ADDED from src\main\AndroidManifest.xml:93:13-43
uses-sdk
ADDED from src\main\AndroidManifest.xml:99:5-43
	android:targetSdkVersion
		INJECTED from src\main\AndroidManifest.xml
		INJECTED from src\main\AndroidManifest.xml
	android:minSdkVersion
		ADDED from src\main\AndroidManifest.xml:99:15-40
		INJECTED from src\main\AndroidManifest.xml
		INJECTED from src\main\AndroidManifest.xml
uses-permission#android.permission.RECORD_AUDIO
ADDED from src\main\AndroidManifest.xml:101:5-71
	android:name
		ADDED from src\main\AndroidManifest.xml:101:22-68
uses-permission#android.permission.INTERNET
ADDED from src\main\AndroidManifest.xml:102:5-67
	android:name
		ADDED from src\main\AndroidManifest.xml:102:22-64
uses-permission#android.permission.ACCESS_NETWORK_STATE
ADDED from src\main\AndroidManifest.xml:103:5-79
	android:name
		ADDED from src\main\AndroidManifest.xml:103:22-76
uses-permission#android.permission.ACCESS_WIFI_STATE
ADDED from src\main\AndroidManifest.xml:104:5-76
	android:name
		ADDED from src\main\AndroidManifest.xml:104:22-73
uses-permission#android.permission.CHANGE_NETWORK_STATE
ADDED from src\main\AndroidManifest.xml:105:5-79
	android:name
		ADDED from src\main\AndroidManifest.xml:105:22-76
uses-permission#android.permission.READ_PHONE_STATE
ADDED from src\main\AndroidManifest.xml:106:5-75
	android:name
		ADDED from src\main\AndroidManifest.xml:106:22-72
uses-permission#android.permission.ACCESS_FINE_LOCATION
ADDED from src\main\AndroidManifest.xml:107:5-79
	android:name
		ADDED from src\main\AndroidManifest.xml:107:22-76
uses-permission#android.permission.READ_CONTACTS
ADDED from src\main\AndroidManifest.xml:108:5-72
	android:name
		ADDED from src\main\AndroidManifest.xml:108:22-69
uses-permission#android.permission.WRITE_EXTERNAL_STORAGE
ADDED from src\main\AndroidManifest.xml:109:5-81
	android:name
		ADDED from src\main\AndroidManifest.xml:109:22-78
uses-permission#android.permission.WRITE_SETTINGS
ADDED from src\main\AndroidManifest.xml:110:2-70
	android:name
		ADDED from src\main\AndroidManifest.xml:110:19-67
uses-permission#android.permission.READ_EXTERNAL_STORAGE
ADDED from src\main\AndroidManifest.xml:111:2-77
	android:name
		ADDED from src\main\AndroidManifest.xml:111:19-74
uses-permission#android.permission.BLUETOOTH
ADDED from src\main\AndroidManifest.xml:112:5-67
	android:name
		ADDED from src\main\AndroidManifest.xml:112:22-65